<?xml version="1.0" encoding="UTF-8"?>
<testng-results skipped="0" failed="0" total="1" passed="1">
  <reporter-output>
  </reporter-output>
  <suite name="Snapshot.AWSTest.DataProviderTest" duration-ms="11521" started-at="2016-05-10T08:49:55Z" finished-at="2016-05-10T08:50:06Z">
    <groups>
    </groups>
    <test name="Command line test" duration-ms="11521" started-at="2016-05-10T08:49:55Z" finished-at="2016-05-10T08:50:06Z">
      <class name="Snapshot.AWSTest.DataProviderTest">
        <test-method status="PASS" signature="test()[pri:0, instance:Snapshot.AWSTest.DataProviderTest@7fe7f581]" name="test" duration-ms="11491" started-at="2016-05-10T14:19:55Z" finished-at="2016-05-10T14:20:06Z">
          <reporter-output>
          </reporter-output>
        </test-method> <!-- test -->
      </class> <!-- Snapshot.AWSTest.DataProviderTest -->
    </test> <!-- Command line test -->
  </suite> <!-- Snapshot.AWSTest.DataProviderTest -->
</testng-results>
